::1 - GET /test HTTP/1.1 200 11 - 6.192 ms
::1 - GET /test HTTP/1.1 200 11 - 5.519 ms
::1 - GET /favicon.ico HTTP/1.1 200 - - 2.061 ms
::1 - GET /test1 HTTP/1.1 500 1210 - 8.718 ms
::1 - GET /test1 HTTP/1.1 500 1643 - 12.567 ms
::1 - GET /test1 HTTP/1.1 500 1457 - 12.173 ms
::1 - GET /test1 HTTP/1.1 500 1457 - 1.176 ms
::1 - GET /test1 HTTP/1.1 200 6 - 46.339 ms
::1 - GET /favicon.ico HTTP/1.1 200 - - 2.157 ms
::1 - GET /test2 HTTP/1.1 500 1602 - 3.710 ms
::1 - GET / HTTP/1.1 200 212 - 13.536 ms
::1 - GET /js/myAjax.js HTTP/1.1 500 1341 - 3.149 ms
::1 - GET / HTTP/1.1 304 - - 2.110 ms
::1 - GET /js/myAjax.js HTTP/1.1 500 1341 - 0.857 ms
::1 - GET / HTTP/1.1 200 220 - 13.840 ms
::1 - GET /appServer/js/myAjax.js HTTP/1.1 500 1341 - 3.407 ms
::1 - GET /favicon.ico HTTP/1.1 200 - - 28.976 ms
::1 - GET / HTTP/1.1 200 206 - 18.134 ms
::1 - GET /myAjax.js HTTP/1.1 500 1341 - 4.571 ms
::1 - GET /favicon.ico HTTP/1.1 200 - - 2.511 ms
::1 - GET / HTTP/1.1 304 - - 12.809 ms
::1 - GET /myAjax.js HTTP/1.1 500 1341 - 2.755 ms
::1 - GET / HTTP/1.1 200 206 - 15.069 ms
::1 - GET /myAjax.js HTTP/1.1 200 51 - 3.704 ms
::1 - GET /favicon.ico HTTP/1.1 200 - - 0.998 ms
::1 - GET / HTTP/1.1 200 206 - 3.179 ms
::1 - GET /myAjax.js HTTP/1.1 200 25 - 1.314 ms
::1 - GET /favicon.ico HTTP/1.1 200 - - 1.202 ms
::1 - GET / HTTP/1.1 200 356 - 2.373 ms
::1 - GET /myAjax.js HTTP/1.1 200 318 - 1.096 ms
::1 - GET /favicon.ico HTTP/1.1 200 - - 0.616 ms
::1 - GET / HTTP/1.1 200 360 - 2.181 ms
::1 - GET /myAjax.js HTTP/1.1 200 318 - 1.117 ms
::1 - GET /favicon.ico HTTP/1.1 200 - - 0.964 ms
::1 - GET / HTTP/1.1 200 359 - 2.219 ms
::1 - GET /myAjax.js HTTP/1.1 200 318 - 1.151 ms
::1 - GET /favicon.ico HTTP/1.1 200 - - 0.495 ms
::1 - GET / HTTP/1.1 200 359 - 1.678 ms
::1 - GET /myAjax.js HTTP/1.1 200 318 - 1.019 ms
::1 - GET /favicon.ico HTTP/1.1 200 - - 0.643 ms
::1 - GET / HTTP/1.1 200 414 - 2.708 ms
::1 - GET /myAjax.js HTTP/1.1 200 318 - 1.118 ms
::1 - GET /favicon.ico HTTP/1.1 200 - - 0.512 ms
::1 - GET / HTTP/1.1 200 414 - 3.368 ms
::1 - GET /myAjax.js HTTP/1.1 200 318 - 0.954 ms
::1 - GET /favicon.ico HTTP/1.1 200 - - 0.561 ms
::1 - GET / HTTP/1.1 200 436 - 1.407 ms
::1 - GET /myAjax.js HTTP/1.1 200 318 - 1.211 ms
::1 - GET /favicon.ico HTTP/1.1 200 - - 0.577 ms
::1 - GET / HTTP/1.1 200 491 - 2.316 ms
::1 - GET /myAjax.js HTTP/1.1 200 318 - 1.455 ms
::1 - GET /favicon.ico HTTP/1.1 200 - - 0.568 ms
::1 - GET / HTTP/1.1 200 487 - 2.310 ms
::1 - GET /myAjax.js HTTP/1.1 200 318 - 1.417 ms
::1 - GET /favicon.ico HTTP/1.1 200 - - 0.502 ms
::1 - GET / HTTP/1.1 200 475 - 1.601 ms
::1 - GET /myAjax.js HTTP/1.1 200 318 - 1.405 ms
::1 - GET /favicon.ico HTTP/1.1 200 - - 0.477 ms
::1 - GET / HTTP/1.1 200 475 - 5.205 ms
::1 - GET /myAjax.js HTTP/1.1 200 318 - 1.517 ms
::1 - GET /favicon.ico HTTP/1.1 200 - - 0.670 ms
::1 - GET / HTTP/1.1 200 475 - 2.257 ms
::1 - GET /myAjax.js HTTP/1.1 200 318 - 1.511 ms
::1 - GET /favicon.ico HTTP/1.1 200 - - 0.652 ms
::1 - GET / HTTP/1.1 200 475 - 2.735 ms
::1 - GET /myAjax.js HTTP/1.1 200 318 - 1.455 ms
::1 - GET /favicon.ico HTTP/1.1 200 - - 0.586 ms
::1 - GET / HTTP/1.1 200 474 - 2.261 ms
::1 - GET /myAjax.js HTTP/1.1 200 318 - 1.458 ms
::1 - GET /favicon.ico HTTP/1.1 200 - - 0.509 ms
::1 - GET / HTTP/1.1 200 474 - 2.502 ms
::1 - GET /myAjax.js HTTP/1.1 200 318 - 1.087 ms
::1 - GET /favicon.ico HTTP/1.1 200 - - 0.776 ms
::1 - GET / HTTP/1.1 200 473 - 2.290 ms
::1 - GET /myAjax.js HTTP/1.1 200 318 - 1.300 ms
::1 - GET /favicon.ico HTTP/1.1 200 - - 0.478 ms
::1 - GET / HTTP/1.1 200 478 - 2.204 ms
::1 - GET /myAjax.js HTTP/1.1 200 318 - 1.051 ms
::1 - GET /favicon.ico HTTP/1.1 200 - - 0.640 ms
::1 - GET / HTTP/1.1 200 487 - 2.349 ms
::1 - GET /myAjax.js HTTP/1.1 200 318 - 1.103 ms
::1 - GET /favicon.ico HTTP/1.1 200 - - 0.568 ms
::1 - GET / HTTP/1.1 200 486 - 2.586 ms
::1 - GET /myAjax.js HTTP/1.1 200 318 - 1.152 ms
::1 - GET /favicon.ico HTTP/1.1 200 - - 0.674 ms
::1 - GET / HTTP/1.1 200 486 - 2.732 ms
::1 - GET /myAjax.js HTTP/1.1 200 318 - 1.131 ms
::1 - GET /favicon.ico HTTP/1.1 200 - - 0.572 ms
::1 - GET / HTTP/1.1 200 487 - 2.422 ms
::1 - GET /myAjax.js HTTP/1.1 200 318 - 1.032 ms
::1 - GET /favicon.ico HTTP/1.1 200 - - 0.491 ms
::1 - GET / HTTP/1.1 200 484 - 2.453 ms
::1 - GET /myAjax.js HTTP/1.1 200 318 - 1.206 ms
::1 - GET /favicon.ico HTTP/1.1 200 - - 0.682 ms
::1 - GET / HTTP/1.1 200 484 - 2.326 ms
::1 - GET /myAjax.js HTTP/1.1 200 318 - 1.610 ms
::1 - GET /favicon.ico HTTP/1.1 200 - - 0.579 ms
::1 - GET / HTTP/1.1 200 484 - 2.457 ms
::1 - GET /myAjax.js HTTP/1.1 200 318 - 1.376 ms
::1 - GET /favicon.ico HTTP/1.1 200 - - 0.553 ms
::1 - GET / HTTP/1.1 200 476 - 2.282 ms
::1 - GET /myAjax.js HTTP/1.1 200 318 - 1.184 ms
::1 - GET /favicon.ico HTTP/1.1 200 - - 0.628 ms
::1 - GET / HTTP/1.1 200 490 - 2.802 ms
::1 - GET /myAjax.js HTTP/1.1 200 318 - 1.236 ms
::1 - GET /favicon.ico HTTP/1.1 200 - - 0.488 ms
::1 - GET / HTTP/1.1 200 486 - 2.325 ms
::1 - GET /myAjax.js HTTP/1.1 200 318 - 1.258 ms
::1 - GET /favicon.ico HTTP/1.1 200 - - 0.682 ms
::1 - GET / HTTP/1.1 200 486 - 1.934 ms
::1 - GET /myAjax.js HTTP/1.1 200 318 - 1.285 ms
::1 - GET /favicon.ico HTTP/1.1 200 - - 0.469 ms
::1 - GET / HTTP/1.1 200 486 - 1.460 ms
::1 - GET /myAjax.js HTTP/1.1 200 318 - 1.156 ms
::1 - GET /favicon.ico HTTP/1.1 200 - - 0.594 ms
::1 - GET / HTTP/1.1 200 486 - 2.232 ms
::1 - GET /myAjax.js HTTP/1.1 200 318 - 1.402 ms
::1 - GET /favicon.ico HTTP/1.1 200 - - 0.557 ms
::1 - GET / HTTP/1.1 200 486 - 2.003 ms
::1 - GET /myAjax.js HTTP/1.1 200 318 - 1.375 ms
::1 - GET /favicon.ico HTTP/1.1 200 - - 0.566 ms
::1 - GET / HTTP/1.1 200 479 - 2.287 ms
::1 - GET /myAjax.js HTTP/1.1 200 318 - 1.111 ms
::1 - GET /favicon.ico HTTP/1.1 200 - - 0.611 ms
::1 - GET / HTTP/1.1 200 613 - 2.144 ms
::1 - GET /style.css HTTP/1.1 500 1341 - 2.668 ms
::1 - GET /myAjax.js HTTP/1.1 200 319 - 6.413 ms
::1 - GET /style.css HTTP/1.1 500 1341 - 0.795 ms
::1 - GET /favicon.ico HTTP/1.1 200 - - 0.492 ms
::1 - GET / HTTP/1.1 200 639 - 16.891 ms
::1 - GET /myAjax.js HTTP/1.1 200 319 - 4.306 ms
::1 - GET /style.css HTTP/1.1 200 571 - 8.125 ms
::1 - GET /favicon.ico HTTP/1.1 200 - - 0.634 ms
::1 - GET /style.css HTTP/1.1 304 - - 1.708 ms
::1 - GET / HTTP/1.1 200 642 - 2.458 ms
::1 - GET /myAjax.js HTTP/1.1 200 319 - 2.052 ms
::1 - GET /style.css HTTP/1.1 200 571 - 6.093 ms
::1 - GET /favicon.ico HTTP/1.1 200 - - 1.327 ms
::1 - GET /test1 HTTP/1.1 200 6 - 47.447 ms
::1 - GET / HTTP/1.1 200 876 - 1.367 ms
::1 - GET /myAjax.js HTTP/1.1 200 319 - 2.287 ms
::1 - GET /style.css HTTP/1.1 200 571 - 6.074 ms
::1 - GET /favicon.ico HTTP/1.1 200 - - 0.384 ms
::1 - GET / HTTP/1.1 200 876 - 14.420 ms
::1 - GET /myAjax.js HTTP/1.1 200 319 - 4.775 ms
::1 - GET /style.css HTTP/1.1 200 571 - 8.127 ms
::1 - GET /favicon.ico HTTP/1.1 200 - - 0.767 ms
::1 - GET / HTTP/1.1 200 880 - 2.103 ms
::1 - GET /myAjax.js HTTP/1.1 200 323 - 1.295 ms
::1 - GET /style.css HTTP/1.1 200 571 - 2.724 ms
::1 - GET /favicon.ico HTTP/1.1 200 - - 0.697 ms
::1 - GET / HTTP/1.1 200 878 - 1.478 ms
::1 - GET /myAjax.js HTTP/1.1 200 323 - 1.327 ms
::1 - GET /style.css HTTP/1.1 200 571 - 4.178 ms
::1 - GET /favicon.ico HTTP/1.1 200 - - 0.695 ms
::1 - GET /test1 HTTP/1.1 200 57 - 40.637 ms
::1 - GET /test3 HTTP/1.1 500 1544 - 32.190 ms
::1 - GET /test2 HTTP/1.1 500 1602 - 3.066 ms
::1 - GET /test3 HTTP/1.1 500 1608 - 17.644 ms
::ffff:11.0.0.2 - GET / HTTP/1.1 200 878 - 10.303 ms
::ffff:11.0.0.2 - GET /HNAP1/ HTTP/1.1 500 1341 - 2.063 ms
::1 - GET / HTTP/1.1 200 917 - 31.331 ms
::1 - GET /myAjax.js HTTP/1.1 200 323 - 12.849 ms
::1 - GET /style.css HTTP/1.1 200 571 - 21.387 ms
::1 - GET /test1 HTTP/1.1 200 57 - 98.223 ms
::1 - GET /test1 HTTP/1.1 304 - - 8.958 ms
::1 - GET / HTTP/1.1 200 907 - 16.850 ms
::1 - GET /myAjax.js HTTP/1.1 200 323 - 4.767 ms
::1 - GET /style.css HTTP/1.1 200 571 - 8.297 ms
::1 - GET /favicon.ico HTTP/1.1 200 - - 17.605 ms
::1 - GET /test1 HTTP/1.1 304 - - 6.678 ms
::1 - GET / HTTP/1.1 200 915 - 7.735 ms
::1 - GET /myAjax.js HTTP/1.1 200 323 - 2.750 ms
::1 - GET /style.css HTTP/1.1 200 571 - 3.257 ms
::1 - GET /favicon.ico HTTP/1.1 200 - - 0.457 ms
::1 - GET /test1 HTTP/1.1 304 - - 4.012 ms
::1 - GET / HTTP/1.1 200 915 - 19.174 ms
::1 - GET /myAjax.js HTTP/1.1 200 323 - 5.493 ms
::1 - GET /style.css HTTP/1.1 200 571 - 8.929 ms
::1 - GET /favicon.ico HTTP/1.1 200 - - 1.205 ms
::1 - GET /test1 HTTP/1.1 304 - - 3.830 ms
::1 - GET / HTTP/1.1 200 915 - 15.734 ms
::1 - GET /myAjax.js HTTP/1.1 200 323 - 6.572 ms
::1 - GET /style.css HTTP/1.1 200 571 - 9.896 ms
::1 - GET /favicon.ico HTTP/1.1 200 - - 0.856 ms
::1 - GET /test1 HTTP/1.1 304 - - 3.922 ms
::1 - GET /test4 HTTP/1.1 500 1277 - 5.460 ms
::1 - GET /test4 HTTP/1.1 500 1285 - 9.710 ms
::1 - GET /test4 HTTP/1.1 500 1277 - 15.240 ms
::1 - GET /test4 HTTP/1.1 500 1322 - 35.992 ms
::1 - GET /test4 HTTP/1.1 500 1337 - 44.719 ms
::1 - GET / HTTP/1.1 304 - - 15.394 ms
::1 - GET /myAjax.js HTTP/1.1 304 - - 4.617 ms
::1 - GET /style.css HTTP/1.1 304 - - 7.468 ms
::1 - GET /favicon.ico HTTP/1.1 200 - - 4.412 ms
::1 - GET /test1 HTTP/1.1 304 - - 78.684 ms
::1 - GET /test4 HTTP/1.1 500 1307 - 5.507 ms
::1 - GET /test4 HTTP/1.1 500 1307 - 28.651 ms
::1 - GET /test4 HTTP/1.1 500 1307 - 29.648 ms
::1 - GET /test4 HTTP/1.1 500 1320 - 38.073 ms
::1 - GET /test4 HTTP/1.1 500 1447 - 24.673 ms
::1 - GET /test4 HTTP/1.1 500 1296 - 33.527 ms
::1 - GET /test4 HTTP/1.1 500 1448 - 29.529 ms
::1 - GET /test4 HTTP/1.1 500 1448 - 25.913 ms
::1 - GET /test4 HTTP/1.1 500 1449 - 25.495 ms
::1 - GET /test4 HTTP/1.1 500 1448 - 41.547 ms
::1 - GET /test4 HTTP/1.1 500 1448 - 26.820 ms
::1 - GET /test4 HTTP/1.1 500 1327 - 52.532 ms
::1 - GET /test4 HTTP/1.1 500 1328 - 37.525 ms
::1 - GET /test4 HTTP/1.1 500 1188 - 41.534 ms
::1 - GET /test4 HTTP/1.1 500 1197 - 39.091 ms
::1 - GET /test4 HTTP/1.1 500 1202 - 37.506 ms
::1 - GET /test4 HTTP/1.1 500 1306 - 38.180 ms
::1 - GET /test4 HTTP/1.1 500 1201 - 37.757 ms
::1 - GET /test4 HTTP/1.1 500 1413 - 38.397 ms
::1 - GET /test4 HTTP/1.1 500 1243 - 36.723 ms
::1 - GET /test4 HTTP/1.1 500 1495 - 74.169 ms
::1 - GET /test4 HTTP/1.1 500 1495 - 105.478 ms
::1 - GET /test4 HTTP/1.1 500 1205 - 39.807 ms
::1 - GET /test4 HTTP/1.1 500 1495 - 70.218 ms
::1 - GET /test4 HTTP/1.1 500 1495 - 90.653 ms
::1 - GET /test4 HTTP/1.1 500 1495 - 7.170 ms
::1 - GET /test4 HTTP/1.1 500 1495 - 71.175 ms
::1 - GET /test4 HTTP/1.1 500 1495 - 85.691 ms
::1 - GET /test4 HTTP/1.1 500 1225 - 109.377 ms
::1 - GET /test4 HTTP/1.1 500 1203 - 35.920 ms
::1 - GET / HTTP/1.1 200 915 - 62.136 ms
::1 - GET /myAjax.js HTTP/1.1 200 323 - 18.079 ms
::1 - GET /style.css HTTP/1.1 200 571 - 25.970 ms
::1 - GET /favicon.ico HTTP/1.1 200 - - 12.002 ms
::1 - GET /test1 HTTP/1.1 200 57 - 200.377 ms
::1 - GET / HTTP/1.1 304 - - 45.874 ms
::1 - GET /myAjax.js HTTP/1.1 304 - - 10.552 ms
::1 - GET /style.css HTTP/1.1 304 - - 18.496 ms
::1 - GET /favicon.ico HTTP/1.1 200 - - 7.708 ms
::1 - GET /test4 HTTP/1.1 200 10 - 37.358 ms
::1 - GET /test4 HTTP/1.1 200 6 - 39.791 ms
::1 - GET /favicon.ico HTTP/1.1 200 - - 4.158 ms
::1 - GET / HTTP/1.1 200 1298 - 34.708 ms
::1 - GET /style.css HTTP/1.1 304 - - 7.789 ms
::1 - GET /myAjax.js HTTP/1.1 200 769 - 15.342 ms
::1 - GET / HTTP/1.1 304 - - 42.395 ms
::1 - GET /myAjax.js HTTP/1.1 304 - - 8.604 ms
::1 - GET /style.css HTTP/1.1 304 - - 15.439 ms
::1 - GET /init?typeInit=Perizie HTTP/1.1 500 1274 - 10.949 ms
::1 - GET / HTTP/1.1 200 1298 - 35.827 ms
::1 - GET /myAjax.js HTTP/1.1 200 769 - 4.467 ms
::1 - GET /style.css HTTP/1.1 200 571 - 7.443 ms
::1 - GET /init?typeInit=Perizie HTTP/1.1 500 1464 - 5.789 ms
::1 - GET /init?typeInit=Perizie HTTP/1.1 - - - - ms
::1 - GET / HTTP/1.1 200 1515 - 12.307 ms
::1 - GET /style.css HTTP/1.1 304 - - 3.235 ms
::1 - GET /myAjax.js HTTP/1.1 200 1774 - 8.003 ms
::1 - GET / HTTP/1.1 200 1505 - 12.387 ms
::1 - GET /style.css HTTP/1.1 304 - - 3.106 ms
::1 - GET /myAjax.js HTTP/1.1 200 1786 - 6.970 ms
::1 - GET / HTTP/1.1 200 1505 - 3.210 ms
::1 - GET /myAjax.js HTTP/1.1 200 1786 - 1.350 ms
::1 - GET /style.css HTTP/1.1 200 571 - 1.075 ms
::1 - GET /favicon.ico HTTP/1.1 200 - - 0.613 ms
::1 - GET /style.css HTTP/1.1 304 - - 0.773 ms
::1 - GET / HTTP/1.1 200 1527 - 12.687 ms
::1 - GET /style.css HTTP/1.1 304 - - 3.413 ms
::1 - GET /myAjax.js HTTP/1.1 200 1805 - 9.505 ms
::1 - GET /startSurvey HTTP/1.1 200 47 - 32.717 ms
::1 - GET / HTTP/1.1 200 1527 - 2.037 ms
::1 - GET /myAjax.js HTTP/1.1 200 1805 - 1.360 ms
::1 - GET /style.css HTTP/1.1 200 571 - 3.620 ms
::1 - GET /favicon.ico HTTP/1.1 200 - - 0.656 ms
::1 - GET /startSurvey HTTP/1.1 304 - - 3.129 ms
::1 - GET /startSurvey HTTP/1.1 304 - - 34.741 ms
::1 - GET /startSurvey HTTP/1.1 304 - - 2.840 ms
::1 - GET / HTTP/1.1 200 1527 - 15.603 ms
::1 - GET /myAjax.js HTTP/1.1 200 1805 - 4.149 ms
::1 - GET /style.css HTTP/1.1 200 571 - 8.305 ms
::1 - GET /favicon.ico HTTP/1.1 200 - - 0.941 ms
::1 - GET /startSurvey HTTP/1.1 304 - - 4.479 ms
::1 - GET /startSurvey HTTP/1.1 304 - - 3.723 ms
::1 - GET / HTTP/1.1 200 1534 - 15.307 ms
::1 - GET /style.css HTTP/1.1 200 571 - 4.793 ms
::1 - GET /myAjax.js HTTP/1.1 200 1805 - 9.440 ms
::1 - GET /favicon.ico HTTP/1.1 200 - - 0.600 ms
::1 - GET /startSurvey HTTP/1.1 304 - - 30.255 ms
::1 - GET / HTTP/1.1 200 1537 - 13.088 ms
::1 - GET /myAjax.js HTTP/1.1 304 - - 3.203 ms
::1 - GET /style.css HTTP/1.1 304 - - 5.945 ms
::1 - GET /init?typeInit=LukyNumber HTTP/1.1 200 54 - 13.858 ms
::1 - GET /test1 HTTP/1.1 200 57 - 33.960 ms
::1 - GET / HTTP/1.1 200 1547 - 12.724 ms
::1 - GET /style.css HTTP/1.1 304 - - 3.132 ms
::1 - GET /myAjax.js HTTP/1.1 200 1853 - 6.990 ms
::1 - GET /init?typeInit=LukyNumber HTTP/1.1 304 - - 15.354 ms
::1 - GET / HTTP/1.1 200 1547 - 16.669 ms
::1 - GET /myAjax.js HTTP/1.1 200 1853 - 5.216 ms
::1 - GET /style.css HTTP/1.1 200 571 - 8.770 ms
::1 - GET /favicon.ico HTTP/1.1 200 - - 0.893 ms
::1 - GET /init?typeInit=LukyNumber HTTP/1.1 304 - - 15.652 ms
::1 - GET / HTTP/1.1 304 - - 14.472 ms
::1 - GET /myAjax.js HTTP/1.1 304 - - 2.847 ms
::1 - GET /style.css HTTP/1.1 304 - - 6.237 ms
::1 - GET /favicon.ico HTTP/1.1 200 - - 2.127 ms
::1 - GET /init?typeInit=LukyNumber HTTP/1.1 200 55 - 16.626 ms
::1 - GET / HTTP/1.1 200 1547 - 12.817 ms
::1 - GET /myAjax.js HTTP/1.1 200 1926 - 4.283 ms
::1 - GET /style.css HTTP/1.1 200 571 - 7.624 ms
::1 - GET /favicon.ico HTTP/1.1 200 - - 0.661 ms
::1 - GET /style.css HTTP/1.1 304 - - 1.382 ms
::1 - GET /init?typeInit=LukyNumber HTTP/1.1 304 - - 16.946 ms
::1 - GET / HTTP/1.1 200 1547 - 13.060 ms
::1 - GET /myAjax.js HTTP/1.1 200 1928 - 4.206 ms
::1 - GET /style.css HTTP/1.1 200 571 - 9.134 ms
::1 - GET /favicon.ico HTTP/1.1 200 - - 0.706 ms
::1 - GET /init?typeInit=LukyNumber HTTP/1.1 304 - - 17.044 ms
::1 - GET / HTTP/1.1 200 1547 - 15.347 ms
::1 - GET /style.css HTTP/1.1 200 571 - 4.170 ms
::1 - GET /myAjax.js HTTP/1.1 200 1950 - 8.792 ms
::1 - GET /favicon.ico HTTP/1.1 200 - - 0.598 ms
::1 - GET /init?typeInit=LukyNumber HTTP/1.1 304 - - 16.590 ms
::1 - GET / HTTP/1.1 200 1547 - 16.015 ms
::1 - GET /myAjax.js HTTP/1.1 200 1860 - 4.443 ms
::1 - GET /style.css HTTP/1.1 200 571 - 7.725 ms
::1 - GET /favicon.ico HTTP/1.1 200 - - 0.702 ms
::1 - GET /init?typeInit=LukyNumber HTTP/1.1 304 - - 16.998 ms
::1 - GET / HTTP/1.1 200 1547 - 13.433 ms
::1 - GET /myAjax.js HTTP/1.1 200 1861 - 4.490 ms
::1 - GET /style.css HTTP/1.1 200 571 - 9.423 ms
::1 - GET /favicon.ico HTTP/1.1 200 - - 0.854 ms
::1 - GET /init?typeInit=LukyNumber HTTP/1.1 304 - - 16.527 ms
::1 - GET /startSurvey HTTP/1.1 304 - - 31.719 ms
::1 - GET / HTTP/1.1 304 - - 10.604 ms
::1 - GET /myAjax.js HTTP/1.1 304 - - 2.661 ms
::1 - GET /style.css HTTP/1.1 304 - - 6.547 ms
::1 - GET /favicon.ico HTTP/1.1 200 - - 2.453 ms
::1 - GET /init?typeInit=LukyNumber HTTP/1.1 304 - - 4.978 ms
::1 - GET /startSurvey HTTP/1.1 200 33 - 2.106 ms
::1 - GET / HTTP/1.1 304 - - 13.459 ms
::1 - GET /myAjax.js HTTP/1.1 304 - - 2.854 ms
::1 - GET /style.css HTTP/1.1 304 - - 5.357 ms
::1 - GET /favicon.ico HTTP/1.1 200 - - 2.151 ms
::1 - GET /init?typeInit=LukyNumber HTTP/1.1 304 - - 16.915 ms
::1 - GET / HTTP/1.1 200 1547 - 13.335 ms
::1 - GET /style.css HTTP/1.1 200 571 - 4.569 ms
::1 - GET /myAjax.js HTTP/1.1 200 1861 - 9.832 ms
::1 - GET /favicon.ico HTTP/1.1 200 - - 0.659 ms
::1 - GET /init?typeInit=LukyNumber HTTP/1.1 304 - - 16.040 ms
::1 - GET /startSurvey HTTP/1.1 304 - - 2.768 ms
::1 - GET / HTTP/1.1 200 1547 - 12.979 ms
::1 - GET /myAjax.js HTTP/1.1 200 1861 - 5.650 ms
::1 - GET /style.css HTTP/1.1 200 571 - 10.252 ms
::1 - GET /favicon.ico HTTP/1.1 200 - - 0.677 ms
::1 - GET /init?typeInit=LukyNumber HTTP/1.1 304 - - 16.045 ms
::1 - GET /startSurvey HTTP/1.1 304 - - 2.763 ms
::1 - GET / HTTP/1.1 200 1547 - 17.878 ms
::1 - GET /myAjax.js HTTP/1.1 200 1861 - 4.529 ms
::1 - GET /style.css HTTP/1.1 200 571 - 7.818 ms
::1 - GET /favicon.ico HTTP/1.1 200 - - 0.753 ms
::1 - GET /init?typeInit=LukyNumber HTTP/1.1 304 - - 15.710 ms
::1 - GET /startSurvey HTTP/1.1 304 - - 5.306 ms
::1 - GET / HTTP/1.1 200 1547 - 13.381 ms
::1 - GET /myAjax.js HTTP/1.1 200 1861 - 4.564 ms
::1 - GET /style.css HTTP/1.1 200 571 - 8.407 ms
::1 - GET /favicon.ico HTTP/1.1 200 - - 0.891 ms
::1 - GET /init?typeInit=LukyNumber HTTP/1.1 304 - - 14.767 ms
::1 - GET / HTTP/1.1 200 1547 - 13.198 ms
::1 - GET /myAjax.js HTTP/1.1 200 1861 - 4.421 ms
::1 - GET /style.css HTTP/1.1 200 571 - 8.740 ms
::1 - GET /favicon.ico HTTP/1.1 200 - - 0.745 ms
::1 - GET /init?typeInit=LukyNumber HTTP/1.1 304 - - 16.198 ms
::1 - GET /startSurvey HTTP/1.1 304 - - 6.433 ms
::1 - GET / HTTP/1.1 200 1547 - 16.289 ms
::1 - GET /myAjax.js HTTP/1.1 200 1861 - 5.290 ms
::1 - GET /style.css HTTP/1.1 200 571 - 7.041 ms
::1 - GET /favicon.ico HTTP/1.1 200 - - 0.742 ms
::1 - GET /init?typeInit=LukyNumber HTTP/1.1 304 - - 15.413 ms
::1 - GET / HTTP/1.1 200 1547 - 14.815 ms
::1 - GET /myAjax.js HTTP/1.1 200 1861 - 4.856 ms
::1 - GET /style.css HTTP/1.1 200 571 - 8.896 ms
::1 - GET /favicon.ico HTTP/1.1 200 - - 0.602 ms
::1 - GET /init?typeInit=LukyNumber HTTP/1.1 304 - - 15.555 ms
::ffff:127.0.0.1 - GET / HTTP/1.1 200 1547 - 21.378 ms
::ffff:127.0.0.1 - GET /myAjax.js HTTP/1.1 200 1861 - 5.918 ms
::1 - GET /style.css HTTP/1.1 200 571 - 9.516 ms
::1 - GET /favicon.ico HTTP/1.1 200 - - 0.557 ms
::1 - GET /init?typeInit=LukyNumber HTTP/1.1 304 - - 15.487 ms
::1 - GET /startSurvey HTTP/1.1 304 - - 6.643 ms
::1 - GET / HTTP/1.1 200 1547 - 13.722 ms
::1 - GET /style.css HTTP/1.1 200 571 - 4.588 ms
::1 - GET /myAjax.js HTTP/1.1 200 1861 - 9.302 ms
::1 - GET /favicon.ico HTTP/1.1 200 - - 0.501 ms
::1 - GET /init?typeInit=LukyNumber HTTP/1.1 304 - - 16.933 ms
::1 - GET /startSurvey HTTP/1.1 200 47 - 6.673 ms
::1 - GET / HTTP/1.1 304 - - 14.471 ms
::1 - GET /myAjax.js HTTP/1.1 304 - - 2.908 ms
::1 - GET /style.css HTTP/1.1 304 - - 6.102 ms
::1 - GET /favicon.ico HTTP/1.1 200 - - 2.198 ms
::1 - GET /init?typeInit=LukyNumber HTTP/1.1 304 - - 15.518 ms
::1 - GET /startSurvey HTTP/1.1 304 - - 6.149 ms
::1 - GET / HTTP/1.1 304 - - 14.274 ms
::1 - GET /myAjax.js HTTP/1.1 304 - - 2.892 ms
::1 - GET /style.css HTTP/1.1 304 - - 6.818 ms
::1 - GET /favicon.ico HTTP/1.1 200 - - 2.103 ms
::1 - GET /init?typeInit=LukyNumber HTTP/1.1 304 - - 14.857 ms
::1 - GET /startSurvey HTTP/1.1 304 - - 6.563 ms
::1 - GET / HTTP/1.1 200 1547 - 13.236 ms
::1 - GET /myAjax.js HTTP/1.1 200 1861 - 5.109 ms
::1 - GET /style.css HTTP/1.1 200 571 - 12.551 ms
::1 - GET /favicon.ico HTTP/1.1 200 - - 0.574 ms
::1 - GET /init?typeInit=LukyNumber HTTP/1.1 304 - - 15.396 ms
::1 - GET /startSurvey HTTP/1.1 304 - - 3.903 ms
::1 - GET / HTTP/1.1 200 1547 - 20.367 ms
::1 - GET /myAjax.js HTTP/1.1 200 1861 - 4.463 ms
::1 - GET /style.css HTTP/1.1 200 571 - 10.496 ms
::1 - GET /favicon.ico HTTP/1.1 200 - - 1.128 ms
::1 - GET /init?typeInit=LukyNumber HTTP/1.1 304 - - 15.962 ms
::1 - GET /startSurvey HTTP/1.1 304 - - 4.209 ms
::1 - GET / HTTP/1.1 200 1547 - 14.686 ms
::1 - GET /myAjax.js HTTP/1.1 200 1861 - 4.503 ms
::1 - GET /style.css HTTP/1.1 200 571 - 7.687 ms
::1 - GET /favicon.ico HTTP/1.1 200 - - 0.613 ms
::1 - GET /init?typeInit=LukyNumber HTTP/1.1 304 - - 15.957 ms
::1 - GET /startSurvey HTTP/1.1 200 42 - 3.669 ms
::1 - GET / HTTP/1.1 200 1547 - 15.905 ms
::1 - GET /myAjax.js HTTP/1.1 200 1796 - 5.519 ms
::1 - GET /style.css HTTP/1.1 200 571 - 12.067 ms
::1 - GET /favicon.ico HTTP/1.1 200 - - 0.595 ms
::1 - GET /init?typeInit=LukyNumber HTTP/1.1 304 - - 15.621 ms
::1 - GET /startSurvey HTTP/1.1 304 - - 3.107 ms
::1 - GET /setResp?respToAns=suca HTTP/1.1 200 43 - 3.837 ms
::1 - GET / HTTP/1.1 200 1547 - 19.151 ms
::1 - GET /style.css HTTP/1.1 200 571 - 4.340 ms
::1 - GET /myAjax.js HTTP/1.1 200 1796 - 11.786 ms
::1 - GET /favicon.ico HTTP/1.1 200 - - 0.835 ms
::1 - GET /init?typeInit=LukyNumber HTTP/1.1 304 - - 15.811 ms
::1 - GET /startSurvey HTTP/1.1 304 - - 3.880 ms
::1 - GET /setResp?respToAns=ddsds HTTP/1.1 200 43 - 4.600 ms
::1 - GET / HTTP/1.1 200 1547 - 15.999 ms
::1 - GET /myAjax.js HTTP/1.1 200 1796 - 5.037 ms
::1 - GET /style.css HTTP/1.1 200 571 - 8.880 ms
::1 - GET /favicon.ico HTTP/1.1 200 - - 0.672 ms
::1 - GET /init?typeInit=LukyNumber HTTP/1.1 304 - - 15.485 ms
::1 - GET /startSurvey HTTP/1.1 304 - - 2.476 ms
::1 - GET / HTTP/1.1 200 1547 - 13.533 ms
::1 - GET /myAjax.js HTTP/1.1 200 1796 - 6.039 ms
::1 - GET /style.css HTTP/1.1 200 571 - 12.147 ms
::1 - GET /favicon.ico HTTP/1.1 200 - - 0.727 ms
::1 - GET /init?typeInit=LukyNumber HTTP/1.1 304 - - 15.384 ms
::1 - GET /startSurvey HTTP/1.1 304 - - 3.072 ms
::1 - GET / HTTP/1.1 200 1547 - 15.611 ms
::1 - GET /myAjax.js HTTP/1.1 200 1796 - 4.517 ms
::1 - GET /style.css HTTP/1.1 200 571 - 6.708 ms
::1 - GET /favicon.ico HTTP/1.1 200 - - 0.586 ms
::1 - GET /init?typeInit=LukyNumber HTTP/1.1 304 - - 16.060 ms
::1 - GET /startSurvey HTTP/1.1 304 - - 3.740 ms
::1 - GET /setResp?respToAns=dasdasasd HTTP/1.1 200 43 - 33.859 ms
::1 - GET / HTTP/1.1 200 1547 - 9.378 ms
::1 - GET /myAjax.js HTTP/1.1 200 1796 - 4.864 ms
::1 - GET /style.css HTTP/1.1 200 571 - 11.578 ms
::1 - GET /favicon.ico HTTP/1.1 200 - - 0.576 ms
::1 - GET /init?typeInit=LukyNumber HTTP/1.1 304 - - 4.612 ms
::1 - GET /startSurvey HTTP/1.1 304 - - 2.484 ms
::1 - GET / HTTP/1.1 200 1547 - 13.263 ms
::1 - GET /myAjax.js HTTP/1.1 200 1796 - 6.564 ms
::1 - GET /style.css HTTP/1.1 200 571 - 9.819 ms
::1 - GET /favicon.ico HTTP/1.1 200 - - 0.729 ms
::1 - GET /init?typeInit=LukyNumber HTTP/1.1 304 - - 15.517 ms
::1 - GET /startSurvey HTTP/1.1 304 - - 2.652 ms
::ffff:127.0.0.1 - GET / HTTP/1.1 200 1547 - 14.537 ms
::1 - GET /style.css HTTP/1.1 200 571 - 4.137 ms
::ffff:127.0.0.1 - GET /myAjax.js HTTP/1.1 200 1796 - 9.315 ms
::ffff:127.0.0.1 - GET /favicon.ico HTTP/1.1 200 - - 0.703 ms
::ffff:127.0.0.1 - GET /init?typeInit=LukyNumber HTTP/1.1 304 - - 15.196 ms
::ffff:127.0.0.1 - GET /startSurvey HTTP/1.1 304 - - 2.541 ms
::1 - GET / HTTP/1.1 304 - - 15.039 ms
::1 - GET /myAjax.js HTTP/1.1 304 - - 3.102 ms
::1 - GET /style.css HTTP/1.1 304 - - 4.461 ms
::1 - GET /favicon.ico HTTP/1.1 200 - - 2.105 ms
::1 - GET /init?typeInit=LukyNumber HTTP/1.1 304 - - 27.747 ms
::1 - GET /startSurvey HTTP/1.1 304 - - 1.971 ms
::1 - GET / HTTP/1.1 304 - - 14.989 ms
::1 - GET /myAjax.js HTTP/1.1 304 - - 2.648 ms
::1 - GET /style.css HTTP/1.1 304 - - 0.731 ms
::1 - GET /init?typeInit=LukyNumber HTTP/1.1 304 - - 52.710 ms
::1 - GET /startSurvey HTTP/1.1 304 - - 1.426 ms
::ffff:127.0.0.1 - GET /setResp?respToAns=dgffdg HTTP/1.1 200 43 - 55.454 ms
::ffff:127.0.0.1 - GET / HTTP/1.1 200 1547 - 15.216 ms
::1 - GET /style.css HTTP/1.1 200 571 - 3.656 ms
::ffff:127.0.0.1 - GET /myAjax.js HTTP/1.1 200 1796 - 6.836 ms
::ffff:127.0.0.1 - GET /favicon.ico HTTP/1.1 200 - - 24.988 ms
::ffff:127.0.0.1 - GET /init?typeInit=LukyNumber HTTP/1.1 304 - - 3.898 ms
::ffff:127.0.0.1 - GET /startSurvey HTTP/1.1 304 - - 2.601 ms
::1 - GET / HTTP/1.1 200 1547 - 13.842 ms
::1 - GET /myAjax.js HTTP/1.1 200 1796 - 4.725 ms
::1 - GET /style.css HTTP/1.1 200 571 - 7.982 ms
::1 - GET /favicon.ico HTTP/1.1 200 - - 0.556 ms
::1 - GET /init?typeInit=LukyNumber HTTP/1.1 304 - - 30.031 ms
::1 - GET /startSurvey HTTP/1.1 304 - - 2.899 ms
::1 - GET / HTTP/1.1 200 1547 - 13.298 ms
::1 - GET /myAjax.js HTTP/1.1 200 1796 - 4.826 ms
::1 - GET /style.css HTTP/1.1 200 571 - 7.431 ms
::1 - GET /favicon.ico HTTP/1.1 200 - - 0.867 ms
::1 - GET /init?typeInit=LukyNumber HTTP/1.1 304 - - 30.075 ms
::1 - GET /startSurvey HTTP/1.1 304 - - 3.037 ms
::1 - GET / HTTP/1.1 304 - - 12.446 ms
::1 - GET /myAjax.js HTTP/1.1 304 - - 3.803 ms
::1 - GET /style.css HTTP/1.1 304 - - 5.623 ms
::1 - GET /test5 HTTP/1.1 200 5 - 31.552 ms
::1 - GET /test6 HTTP/1.1 500 1561 - 32.560 ms
::1 - GET / HTTP/1.1 304 - - 11.838 ms
::1 - GET /myAjax.js HTTP/1.1 304 - - 2.795 ms
::1 - GET /style.css HTTP/1.1 304 - - 4.403 ms
::1 - GET /init?typeInit=LukyNumber HTTP/1.1 304 - - 29.983 ms
::1 - GET /startSurvey HTTP/1.1 304 - - 2.727 ms
::1 - GET / HTTP/1.1 304 - - 12.400 ms
::1 - GET /myAjax.js HTTP/1.1 304 - - 2.973 ms
::1 - GET /style.css HTTP/1.1 304 - - 5.460 ms
::1 - GET /init?typeInit=LukyNumber HTTP/1.1 304 - - 27.610 ms
::1 - GET /startSurvey HTTP/1.1 200 60 - 3.442 ms
::ffff:127.0.0.1 - GET / HTTP/1.1 200 1547 - 12.621 ms
::ffff:127.0.0.1 - GET /myAjax.js HTTP/1.1 200 1796 - 4.772 ms
::1 - GET /style.css HTTP/1.1 200 571 - 7.780 ms
::1 - GET /favicon.ico HTTP/1.1 200 - - 0.505 ms
::1 - GET /init?typeInit=LukyNumber HTTP/1.1 304 - - 30.118 ms
::1 - GET /startSurvey HTTP/1.1 200 44 - 4.517 ms
::1 - GET / HTTP/1.1 200 1547 - 21.157 ms
::1 - GET /myAjax.js HTTP/1.1 200 1796 - 5.125 ms
::1 - GET /style.css HTTP/1.1 200 571 - 7.528 ms
::1 - GET /favicon.ico HTTP/1.1 200 - - 0.681 ms
::1 - GET /init?typeInit=LukyNumber HTTP/1.1 304 - - 29.507 ms
::1 - GET /startSurvey HTTP/1.1 200 47 - 3.561 ms
::1 - GET / HTTP/1.1 200 1547 - 16.827 ms
::1 - GET /myAjax.js HTTP/1.1 200 1796 - 4.647 ms
::1 - GET /style.css HTTP/1.1 200 571 - 7.955 ms
::1 - GET /favicon.ico HTTP/1.1 200 - - 0.613 ms
::1 - GET /init?typeInit=LukyNumber HTTP/1.1 304 - - 30.457 ms
::1 - GET /startSurvey HTTP/1.1 200 42 - 2.985 ms
::1 - GET /setResp?respToAns=asd HTTP/1.1 200 43 - 4.541 ms
::1 - GET / HTTP/1.1 200 1547 - 13.448 ms
::1 - GET /myAjax.js HTTP/1.1 200 1796 - 4.126 ms
::1 - GET /style.css HTTP/1.1 200 571 - 7.185 ms
::1 - GET /favicon.ico HTTP/1.1 200 - - 0.681 ms
::1 - GET /init?typeInit=LukyNumber HTTP/1.1 304 - - 29.581 ms
::1 - GET /startSurvey HTTP/1.1 304 - - 2.681 ms
::1 - GET /setResp?respToAns=dsfds HTTP/1.1 200 43 - 3.420 ms
::1 - GET / HTTP/1.1 200 1547 - 15.331 ms
::1 - GET /myAjax.js HTTP/1.1 200 1796 - 4.338 ms
::1 - GET /style.css HTTP/1.1 200 571 - 7.320 ms
::1 - GET /favicon.ico HTTP/1.1 200 - - 0.600 ms
::1 - GET /init?typeInit=LukyNumber HTTP/1.1 304 - - 28.989 ms
::1 - GET /startSurvey HTTP/1.1 304 - - 3.112 ms
::1 - GET /setResp?respToAns=dfsfds HTTP/1.1 200 43 - 2.917 ms
::1 - GET / HTTP/1.1 200 1547 - 12.283 ms
::1 - GET /myAjax.js HTTP/1.1 200 1796 - 4.892 ms
::1 - GET /style.css HTTP/1.1 200 571 - 8.691 ms
::1 - GET /favicon.ico HTTP/1.1 200 - - 0.791 ms
::1 - GET /init?typeInit=LukyNumber HTTP/1.1 304 - - 30.128 ms
::1 - GET /startSurvey HTTP/1.1 304 - - 3.136 ms
::ffff:127.0.0.1 - GET /setResp?respToAns=dsadas HTTP/1.1 200 43 - 49.342 ms
::1 - GET /test6 HTTP/1.1 500 1544 - 3.776 ms
::1 - GET /test6 HTTP/1.1 500 1561 - 32.098 ms
::1 - GET /test5 HTTP/1.1 304 - - 32.454 ms
